10
config delete
function init
(188, 193, 85)
variable ready
9
Error: /home/celian/Desktop/instabot/post.jpg.REMOVE_ME : No such file or directory
config delete
function init
(41, 162, 64)
variable ready
image created
image saved
login
FOUND: w:1000 h:1000 r:1.0
envoyer
/n-----------
9
Error: /home/celian/Desktop/instabot/post.jpg.REMOVE_ME : No such file or directory
config delete
function init
(44, 24, 218)
variable ready
image created
image saved
login
FOUND: w:1000 h:1000 r:1.0
envoyer
/n-----------
10
config delete
function init
(218, 138, 108)
variable ready
image created
image saved
login
FOUND: w:1000 h:1000 r:1.0
envoyer
/n-----------
11
config delete
function init
(130, 227, 227)
variable ready
image created
image saved
login
FOUND: w:1000 h:1000 r:1.0
envoyer
/n-----------
12
config delete
function init
(92, 67, 199)
variable ready
image created
image saved
login
FOUND: w:1000 h:1000 r:1.0
envoyer
/n-----------
13
config delete
function init
(174, 181, 14)
variable ready
image created
image saved
login
FOUND: w:1000 h:1000 r:1.0
envoyer
/n-----------
14
config delete
function init
(205, 175, 235)
variable ready
image created
image saved
login
FOUND: w:1000 h:1000 r:1.0
envoyer
/n-----------
15
config delete
function init
(151, 140, 148)
variable ready
image created
image saved
login
FOUND: w:1000 h:1000 r:1.0
envoyer
/n-----------
16
config delete
function init
(63, 93, 223)
variable ready
image created
image saved
login
FOUND: w:1000 h:1000 r:1.0
envoyer
/n-----------
17
config delete
function init
(210, 73, 164)
variable ready
image created
image saved
login
FOUND: w:1000 h:1000 r:1.0
envoyer
/n-----------
18
config delete
function init
(42, 152, 170)
variable ready
image created
image saved
login
FOUND: w:1000 h:1000 r:1.0
envoyer
/n-----------
19
config delete
function init
(217, 25, 164)
variable ready
image created
image saved
login
FOUND: w:1000 h:1000 r:1.0
envoyer
/n-----------
20
config delete
function init
(15, 146, 203)
variable ready
image created
image saved
login
FOUND: w:1000 h:1000 r:1.0
envoyer
/n-----------
21
config delete
function init
(154, 37, 36)
variable ready
image created
image saved
login
FOUND: w:1000 h:1000 r:1.0
envoyer
/n-----------
22
config delete
function init
(39, 183, 122)
variable ready
image created
image saved
login
FOUND: w:1000 h:1000 r:1.0
envoyer
/n-----------
23
config delete
function init
(23, 192, 96)
variable ready
image created
image saved
login
FOUND: w:1000 h:1000 r:1.0
envoyer
/n-----------
24
config delete
function init
(230, 199, 137)
variable ready
image created
image saved
login
FOUND: w:1000 h:1000 r:1.0
envoyer
/n-----------
25
config delete
function init
(97, 35, 106)
variable ready
image created
image saved
login
FOUND: w:1000 h:1000 r:1.0
envoyer
/n-----------
26
config delete
function init
(123, 3, 237)
variable ready
image created
image saved
login
FOUND: w:1000 h:1000 r:1.0
envoyer
/n-----------
27
config delete
function init
(94, 135, 124)
variable ready
image created
image saved
login
FOUND: w:1000 h:1000 r:1.0
envoyer
/n-----------
28
config delete
function init
(131, 228, 93)
variable ready
image created
image saved
login
FOUND: w:1000 h:1000 r:1.0
envoyer
/n-----------
29
config delete
function init
(185, 92, 228)
variable ready
image created
image saved
login
FOUND: w:1000 h:1000 r:1.0
envoyer
/n-----------
30
config delete
function init
(60, 174, 218)
variable ready
image created
image saved
login
FOUND: w:1000 h:1000 r:1.0
envoyer
/n-----------
31
config delete
function init
(179, 222, 133)
variable ready
image created
image saved
login
FOUND: w:1000 h:1000 r:1.0
envoyer
/n-----------
